[0m[[0m[0mdebug[0m] [0m[0m> Exec(testOnly Lab7.Task1_test -- -DwriteVcd=1, Some(68dfcd41-dc01-4a5e-9e0d-e39fc0f1b6d1), Some(CommandSource(console0)))[0m
[0m[[0m[0mdebug[0m] [0m[0mEvaluating tasks: Test / testOnly[0m
[0m[[0m[0mdebug[0m] [0m[0mRunning task... Cancel: Signal, check cycles: false, forcegc: true[0m
[0m[[0m[0minfo[0m] [0m[0mcompiling 1 Scala source to /home/monis/Desktop/chisel-quickstart/target/scala-2.12/classes ...[0m
[0m[[0m[0minfo[0m] [0m[0m[32mTask1_test:[0m[0m
[0m[[0m[0minfo[0m] [0m[0m[31m- Test7 *** FAILED ***[0m[0m
[0m[[0m[0minfo[0m] [0m[0m[31m  io_out=0 (0x0) did not equal expected=3 (0x3) (lines in Task1_test.scala: 10) (Task1_test.scala:16)[0m[0m
[0m[[0m[0minfo[0m] [0m[0m[36mRun completed in 2 seconds, 239 milliseconds.[0m[0m
[0m[[0m[0minfo[0m] [0m[0m[36mTotal number of tests run: 1[0m[0m
[0m[[0m[0minfo[0m] [0m[0m[36mSuites: completed 1, aborted 0[0m[0m
[0m[[0m[0minfo[0m] [0m[0m[36mTests: succeeded 0, failed 1, canceled 0, ignored 0, pending 0[0m[0m
[0m[[0m[0minfo[0m] [0m[0m[31m*** 1 TEST FAILED ***[0m[0m
[0m[[0m[31merror[0m] [0m[0mFailed tests:[0m
[0m[[0m[31merror[0m] [0m[0m	Lab7.Task1_test[0m
[0m[[0m[0mdebug[0m] [0m[0mForcing garbage collection...[0m
[0m[[0m[31merror[0m] [0m[0m(Test / [31mtestOnly[0m) sbt.TestsFailedException: Tests unsuccessful[0m
[0m[[0m[31merror[0m] [0m[0mTotal time: 5 s, completed Apr 9, 2021, 9:34:55 PM[0m
[0m[[0m[0mdebug[0m] [0m[0m> Exec(shell, None, None)[0m
