[0m[[0m[0mdebug[0m] [0m[0m> Exec(testOnly Lab6.Ex_test1 -- -DwriteVcd=1, Some(8dda8c98-19d3-4b5f-ae80-9a6ae278f2ed), Some(CommandSource(console0)))[0m
[0m[[0m[0mdebug[0m] [0m[0mEvaluating tasks: Test / testOnly[0m
[0m[[0m[0mdebug[0m] [0m[0mRunning task... Cancel: Signal, check cycles: false, forcegc: true[0m
[0m[[0m[0minfo[0m] [0m[0mcompiling 1 Scala source to /home/monis/Desktop/chisel-quickstart/target/scala-2.12/classes ...[0m
[0m[[0m[0minfo[0m] [0m[0m[32mEx_test1:[0m[0m
[0m[[0m[0minfo[0m] [0m[0m[31m- Test6 *** FAILED ***[0m[0m
[0m[[0m[0minfo[0m] [0m[0m[31m  io_out=4 (0x4) did not equal expected=2 (0x2) (lines in Ex_test1.scala: 10) (Ex_test1.scala:13)[0m[0m
[0m[[0m[0minfo[0m] [0m[0m[36mRun completed in 2 seconds, 33 milliseconds.[0m[0m
[0m[[0m[0minfo[0m] [0m[0m[36mTotal number of tests run: 1[0m[0m
[0m[[0m[0minfo[0m] [0m[0m[36mSuites: completed 1, aborted 0[0m[0m
[0m[[0m[0minfo[0m] [0m[0m[36mTests: succeeded 0, failed 1, canceled 0, ignored 0, pending 0[0m[0m
[0m[[0m[0minfo[0m] [0m[0m[31m*** 1 TEST FAILED ***[0m[0m
[0m[[0m[31merror[0m] [0m[0mFailed tests:[0m
[0m[[0m[31merror[0m] [0m[0m	Lab6.Ex_test1[0m
[0m[[0m[31merror[0m] [0m[0m(Test / [31mtestOnly[0m) sbt.TestsFailedException: Tests unsuccessful[0m
[0m[[0m[31merror[0m] [0m[0mTotal time: 3 s, completed Apr 6, 2021, 3:47:50 PM[0m
[0m[[0m[0mdebug[0m] [0m[0m> Exec(shell, None, None)[0m
